<?xml version="1.0" encoding="UTF-8"?>
<testng-results ignored="0" total="1" passed="1" failed="0" skipped="0">
  <reporter-output>
  </reporter-output>
  <suite started-at="2024-01-18T19:56:52 IST" name="Surefire suite" finished-at="2024-01-18T19:56:58 IST" duration-ms="5348">
    <groups>
    </groups>
    <test started-at="2024-01-18T19:56:52 IST" name="Surefire test" finished-at="2024-01-18T19:56:58 IST" duration-ms="5348">
      <class name="GITjiraTestNGtest.JiraTestNGtest.AppTest">
        <test-method signature="MethodForGitHubAction()[pri:0, instance:GITjiraTestNGtest.JiraTestNGtest.AppTest@6f099cef]" started-at="2024-01-18T19:56:52 IST" name="MethodForGitHubAction" finished-at="2024-01-18T19:56:56 IST" duration-ms="3828" status="PASS">
          <reporter-output>
          </reporter-output>
        </test-method> <!-- MethodForGitHubAction -->
      </class> <!-- GITjiraTestNGtest.JiraTestNGtest.AppTest -->
    </test> <!-- Surefire test -->
  </suite> <!-- Surefire suite -->
</testng-results>
